 [clojure-complete "0.2.5" :exclusions [[org.clojure/clojure]]]
 [com.clojure-goes-fast/clj-java-decompiler "0.2.1"]
   [org.bitbucket.mstrobel/procyon-compilertools "0.5.29"]
     [org.bitbucket.mstrobel/procyon-core "0.5.29"]
 [nrepl "0.6.0" :exclusions [[org.clojure/clojure]]]
 [org.clojure/clojure "1.9.0"]
   [org.clojure/core.specs.alpha "0.1.24"]
   [org.clojure/spec.alpha "0.1.143"]
 [org.clojure/clojurescript "1.9.946" :scope "provided"]
   [com.google.javascript/closure-compiler-unshaded "v20170910" :scope "provided"]
     [args4j "2.33" :scope "provided"]
     [com.google.code.findbugs/jsr305 "3.0.1" :scope "provided"]
     [com.google.code.gson/gson "2.7" :scope "provided"]
     [com.google.errorprone/error_prone_annotations "2.0.18" :scope "provided"]
     [com.google.guava/guava "20.0" :scope "provided"]
     [com.google.javascript/closure-compiler-externs "v20170910" :scope "provided"]
     [com.google.jsinterop/jsinterop-annotations "1.0.0" :scope "provided"]
     [com.google.protobuf/protobuf-java "3.0.2" :scope "provided"]
   [org.clojure/data.json "0.2.6" :scope "provided"]
   [org.clojure/google-closure-library "0.0-20170809-b9c14c6b" :scope "provided"]
     [org.clojure/google-closure-library-third-party "0.0-20170809-b9c14c6b" :scope "provided"]
   [org.clojure/tools.reader "1.1.0" :scope "provided"]
   [org.mozilla/rhino "1.7R5" :scope "provided"]
 [org.clojure/data.fressian "0.2.1"]
   [org.fressian/fressian "0.6.6"]
 [org.clojure/math.combinatorics "0.1.3"]
 [prismatic/schema "1.1.12"]
